<?xml version="1.0" encoding="UTF-8" ?>
<testsuite errors="0" failures="0" hostname="DESKTOP-MR59L0G" name="junit.modelo.UsuarioTest" skipped="0" tests="2" time="0.101" timestamp="2017-06-09T18:39:37">
  <properties>
[...]
</properties>
  <testcase classname="junit.modelo.UsuarioTest" name="testCalcularIdade" time="0.006" />
  <testcase classname="junit.modelo.UsuarioTest" name="testSetSenha" time="0.0" />
  <system-out><![CDATA[calcularIdade mudando ano em:0
calcularIdade mudando ano em:5
calcularIdade mudando ano em:6
calcularIdade mudando ano em:10
Senha muito pequena. Ela deve ser maior que 6 caracteres
Senha muito pequena. Ela deve ser maior que 6 caracteres
Senha muito grande. Ela deve ser menor que 20 caracteres
]]></system-out>
  <system-err><![CDATA[]]></system-err>
</testsuite>
